The target system is: Generic - 3.2.99 - arm
The host system is: Windows - 10.0.22621 - AMD64
Compiling the C compiler identification source file "CMakeCCompilerId.c" succeeded.
Compiler: D:/ncs/toolchains/v2.3.0/opt/zephyr-sdk/arm-zephyr-eabi/bin/arm-zephyr-eabi-gcc.exe 
Build flags: 
Id flags: -c 

The output was:
0


Compilation of the C compiler identification source "CMakeCCompilerId.c" produced "CMakeCCompilerId.o"

The C compiler identification is GNU, found in "D:/ncs/v2.3.0/nrf/applications/nrf5340_audio/build/CMakeFiles/3.20.5/CompilerIdC/CMakeCCompilerId.o"

Compiling the CXX compiler identification source file "CMakeCXXCompilerId.cpp" succeeded.
Compiler: D:/ncs/toolchains/v2.3.0/opt/zephyr-sdk/arm-zephyr-eabi/bin/arm-zephyr-eabi-gcc.exe 
Build flags: 
Id flags: -c 

The output was:
0


Compilation of the CXX compiler identification source "CMakeCXXCompilerId.cpp" produced "CMakeCXXCompilerId.o"

The CXX compiler identification is GNU, found in "D:/ncs/v2.3.0/nrf/applications/nrf5340_audio/build/CMakeFiles/3.20.5/CompilerIdCXX/CMakeCXXCompilerId.o"

Checking whether the ASM compiler is GNU using "--version" matched "(GNU assembler)|(GCC)|(Free Software Foundation)":
arm-zephyr-eabi-gcc.exe (Zephyr SDK 0.15.2) 12.1.0
Copyright (C) 2022 Free Software Foundation, Inc.
This is free software; see the source for copying conditions.  There is NO
warranty; not even for MERCHANTABILITY or FITNESS FOR A PARTICULAR PURPOSE.

Determining if files stdatomic.h exist passed with the following output:
Change Dir: D:/ncs/v2.3.0/nrf/applications/nrf5340_audio/build/CMakeFiles/CMakeTmp

Run Build Command(s):D:/ncs/toolchains/v2.3.0/opt/bin/ninja.exe cmTC_ce299 && [1/2] Building C object CMakeFiles/cmTC_ce299.dir/HAVE_STDATOMIC_H.c.obj
[2/2] Linking C executable cmTC_ce299
arm-zephyr-eabi-gcc.exe: warning: CMakeFiles/cmTC_ce299.dir/HAVE_STDATOMIC_H.c.obj: linker input file unused because linking not done



Determining if files fcntl.h exist passed with the following output:
Change Dir: D:/ncs/v2.3.0/nrf/applications/nrf5340_audio/build/CMakeFiles/CMakeTmp

Run Build Command(s):D:/ncs/toolchains/v2.3.0/opt/bin/ninja.exe cmTC_e826a && [1/2] Building C object CMakeFiles/cmTC_e826a.dir/HAVE_FCNTL_H.c.obj
[2/2] Linking C executable cmTC_e826a
arm-zephyr-eabi-gcc.exe: warning: CMakeFiles/cmTC_e826a.dir/HAVE_FCNTL_H.c.obj: linker input file unused because linking not done



